<?xml version="1.0" encoding="UTF-8"?>
<testng-results skipped="0" failed="0" total="1" passed="1">
  <reporter-output>
  </reporter-output>
  <suite name="cz.mendelu.swi.eprieskumy.dao.DotaznikDaoTest" duration-ms="66123" started-at="2017-05-02T16:22:23Z" finished-at="2017-05-02T16:23:29Z">
    <groups>
    </groups>
    <test name="Command line test" duration-ms="66123" started-at="2017-05-02T16:22:23Z" finished-at="2017-05-02T16:23:29Z">
      <class name="cz.mendelu.swi.eprieskumy.dao.DotaznikDaoTest">
        <test-method status="PASS" signature="springTestContextBeforeTestClass()[pri:0, instance:cz.mendelu.swi.eprieskumy.dao.DotaznikDaoTest@34c4973]" name="springTestContextBeforeTestClass" is-config="true" duration-ms="20" started-at="2017-05-02T18:22:23Z" finished-at="2017-05-02T18:22:23Z">
          <reporter-output>
          </reporter-output>
        </test-method> <!-- springTestContextBeforeTestClass -->
        <test-method status="PASS" signature="springTestContextPrepareTestInstance()[pri:0, instance:cz.mendelu.swi.eprieskumy.dao.DotaznikDaoTest@34c4973]" name="springTestContextPrepareTestInstance" is-config="true" duration-ms="63841" started-at="2017-05-02T18:22:23Z" depends-on-methods="org.springframework.test.context.testng.AbstractTestNGSpringContextTests.springTestContextBeforeTestClass" finished-at="2017-05-02T18:23:27Z">
          <reporter-output>
          </reporter-output>
        </test-method> <!-- springTestContextPrepareTestInstance -->
        <test-method status="PASS" signature="springTestContextBeforeTestMethod(java.lang.reflect.Method)[pri:0, instance:cz.mendelu.swi.eprieskumy.dao.DotaznikDaoTest@34c4973]" name="springTestContextBeforeTestMethod" is-config="true" duration-ms="731" started-at="2017-05-02T18:23:27Z" finished-at="2017-05-02T18:23:27Z">
          <params>
            <param index="0">
              <value>
                <![CDATA[public void cz.mendelu.swi.eprieskumy.dao.DotaznikDaoTest.testSave()]]>
              </value>
            </param>
          </params>
          <reporter-output>
          </reporter-output>
        </test-method> <!-- springTestContextBeforeTestMethod -->
        <test-method status="PASS" signature="testSave()[pri:0, instance:cz.mendelu.swi.eprieskumy.dao.DotaznikDaoTest@34c4973]" name="testSave" duration-ms="1348" started-at="2017-05-02T18:23:27Z" finished-at="2017-05-02T18:23:29Z">
          <reporter-output>
          </reporter-output>
        </test-method> <!-- testSave -->
        <test-method status="PASS" signature="springTestContextAfterTestMethod(java.lang.reflect.Method)[pri:0, instance:cz.mendelu.swi.eprieskumy.dao.DotaznikDaoTest@34c4973]" name="springTestContextAfterTestMethod" is-config="true" duration-ms="165" started-at="2017-05-02T18:23:29Z" finished-at="2017-05-02T18:23:29Z">
          <params>
            <param index="0">
              <value>
                <![CDATA[public void cz.mendelu.swi.eprieskumy.dao.DotaznikDaoTest.testSave()]]>
              </value>
            </param>
          </params>
          <reporter-output>
          </reporter-output>
        </test-method> <!-- springTestContextAfterTestMethod -->
        <test-method status="PASS" signature="springTestContextAfterTestClass()[pri:0, instance:cz.mendelu.swi.eprieskumy.dao.DotaznikDaoTest@34c4973]" name="springTestContextAfterTestClass" is-config="true" duration-ms="1" started-at="2017-05-02T18:23:29Z" finished-at="2017-05-02T18:23:29Z">
          <reporter-output>
          </reporter-output>
        </test-method> <!-- springTestContextAfterTestClass -->
      </class> <!-- cz.mendelu.swi.eprieskumy.dao.DotaznikDaoTest -->
    </test> <!-- Command line test -->
  </suite> <!-- cz.mendelu.swi.eprieskumy.dao.DotaznikDaoTest -->
</testng-results>
